TN:
SF:/home/rharik/Development/cannibal/papers/integrationTests/customHandler.int.tests.js
FN:10,(anonymous_0)
FN:11,(anonymous_1)
FN:14,(anonymous_2)
FN:17,(anonymous_3)
FN:23,(anonymous_4)
FN:26,(anonymous_5)
FN:33,(anonymous_6)
FN:36,(anonymous_7)
FN:39,(anonymous_8)
FN:45,(anonymous_9)
FN:48,(anonymous_10)
FN:55,(anonymous_11)
FN:58,(anonymous_12)
FN:61,(anonymous_13)
FN:67,(anonymous_14)
FN:70,(anonymous_15)
FNF:16
FNH:16
FNDA:1,(anonymous_0)
FNDA:1,(anonymous_1)
FNDA:1,(anonymous_2)
FNDA:1,(anonymous_3)
FNDA:1,(anonymous_4)
FNDA:1,(anonymous_5)
FNDA:1,(anonymous_6)
FNDA:1,(anonymous_7)
FNDA:1,(anonymous_8)
FNDA:1,(anonymous_9)
FNDA:1,(anonymous_10)
FNDA:1,(anonymous_11)
FNDA:1,(anonymous_12)
FNDA:1,(anonymous_13)
FNDA:1,(anonymous_14)
FNDA:1,(anonymous_15)
DA:1,1
DA:2,1
DA:3,1
DA:5,1
DA:6,1
DA:7,1
DA:10,1
DA:11,1
DA:14,1
DA:15,1
DA:16,1
DA:17,1
DA:18,1
DA:19,1
DA:23,1
DA:24,1
DA:27,1
DA:33,1
DA:36,1
DA:37,1
DA:38,1
DA:39,1
DA:40,1
DA:41,1
DA:45,1
DA:46,1
DA:49,1
DA:55,1
DA:58,1
DA:59,1
DA:60,1
DA:61,1
DA:62,1
DA:63,1
DA:67,1
DA:68,1
DA:71,1
LF:37
LH:37
BRF:0
BRH:0
end_of_record
TN:
SF:/home/rharik/Development/cannibal/papers/integrationTests/error.int.tests.js
FN:10,(anonymous_0)
FN:11,(anonymous_1)
FN:14,(anonymous_2)
FN:17,(anonymous_3)
FN:23,(anonymous_4)
FN:26,(anonymous_5)
FNF:6
FNH:5
FNDA:1,(anonymous_0)
FNDA:1,(anonymous_1)
FNDA:1,(anonymous_2)
FNDA:0,(anonymous_3)
FNDA:1,(anonymous_4)
FNDA:1,(anonymous_5)
DA:1,1
DA:2,1
DA:3,1
DA:5,1
DA:6,1
DA:7,1
DA:10,1
DA:11,1
DA:14,1
DA:15,1
DA:16,1
DA:17,1
DA:18,0
DA:19,0
DA:23,1
DA:24,1
DA:27,1
LF:17
LH:15
BRF:0
BRH:0
end_of_record
TN:
SF:/home/rharik/Development/cannibal/papers/integrationTests/failure.int.tests.js
FN:10,(anonymous_0)
FN:11,(anonymous_1)
FN:14,(anonymous_2)
FN:17,(anonymous_3)
FN:23,(anonymous_4)
FN:32,(anonymous_5)
FN:33,(anonymous_6)
FN:36,(anonymous_7)
FN:39,(anonymous_8)
FN:45,(anonymous_9)
FN:57,(anonymous_10)
FN:58,(anonymous_11)
FN:61,(anonymous_12)
FN:64,(anonymous_13)
FN:70,(anonymous_14)
FNF:15
FNH:12
FNDA:1,(anonymous_0)
FNDA:1,(anonymous_1)
FNDA:1,(anonymous_2)
FNDA:0,(anonymous_3)
FNDA:1,(anonymous_4)
FNDA:1,(anonymous_5)
FNDA:1,(anonymous_6)
FNDA:1,(anonymous_7)
FNDA:0,(anonymous_8)
FNDA:1,(anonymous_9)
FNDA:1,(anonymous_10)
FNDA:1,(anonymous_11)
FNDA:1,(anonymous_12)
FNDA:0,(anonymous_13)
FNDA:1,(anonymous_14)
DA:1,1
DA:2,1
DA:3,1
DA:5,1
DA:6,1
DA:7,1
DA:10,1
DA:11,1
DA:14,1
DA:15,1
DA:16,1
DA:17,1
DA:18,0
DA:19,0
DA:23,1
DA:24,1
DA:32,1
DA:33,1
DA:36,1
DA:37,1
DA:38,1
DA:39,1
DA:40,0
DA:41,0
DA:45,1
DA:46,1
DA:57,1
DA:58,1
DA:61,1
DA:62,1
DA:63,1
DA:64,1
DA:65,0
DA:66,0
DA:70,1
DA:71,1
LF:36
LH:30
BRF:0
BRH:0
end_of_record
TN:
SF:/home/rharik/Development/cannibal/papers/integrationTests/pass.int.tests.js
FN:10,(anonymous_0)
FN:11,(anonymous_1)
FN:14,(anonymous_2)
FN:17,(anonymous_3)
FN:23,(anonymous_4)
FNF:5
FNH:4
FNDA:1,(anonymous_0)
FNDA:1,(anonymous_1)
FNDA:1,(anonymous_2)
FNDA:0,(anonymous_3)
FNDA:1,(anonymous_4)
DA:1,1
DA:2,1
DA:3,1
DA:5,1
DA:6,1
DA:7,1
DA:10,1
DA:11,1
DA:14,1
DA:15,1
DA:16,1
DA:17,1
DA:18,0
DA:19,0
DA:23,1
DA:24,1
LF:16
LH:14
BRF:0
BRH:0
end_of_record
TN:
SF:/home/rharik/Development/cannibal/papers/integrationTests/setups.js
FN:5,(anonymous_0)
FN:7,(anonymous_1)
FN:15,(anonymous_2)
FN:23,(anonymous_3)
FN:25,(anonymous_4)
FN:33,(anonymous_5)
FN:41,(anonymous_6)
FN:53,(anonymous_7)
FN:61,(anonymous_8)
FN:69,(anonymous_9)
FN:77,(anonymous_10)
FN:85,(anonymous_11)
FN:96,(anonymous_12)
FN:108,(anonymous_13)
FN:119,(anonymous_14)
FN:124,(anonymous_15)
FN:132,(anonymous_16)
FN:137,(anonymous_17)
FN:144,(anonymous_18)
FN:149,(anonymous_19)
FNF:20
FNH:17
FNDA:1,(anonymous_0)
FNDA:1,(anonymous_1)
FNDA:1,(anonymous_2)
FNDA:1,(anonymous_3)
FNDA:1,(anonymous_4)
FNDA:1,(anonymous_5)
FNDA:1,(anonymous_6)
FNDA:0,(anonymous_7)
FNDA:0,(anonymous_8)
FNDA:1,(anonymous_9)
FNDA:1,(anonymous_10)
FNDA:1,(anonymous_11)
FNDA:1,(anonymous_12)
FNDA:0,(anonymous_13)
FNDA:1,(anonymous_14)
FNDA:1,(anonymous_15)
FNDA:1,(anonymous_16)
FNDA:1,(anonymous_17)
FNDA:1,(anonymous_18)
FNDA:1,(anonymous_19)
DA:1,1
DA:2,1
DA:3,1
DA:5,1
DA:7,1
DA:8,1
DA:11,1
DA:15,1
DA:16,1
DA:17,1
DA:20,1
DA:23,1
DA:25,1
DA:26,1
DA:29,1
DA:33,1
DA:34,1
DA:35,1
DA:38,1
DA:41,1
DA:43,1
DA:45,1
DA:49,1
DA:53,1
DA:55,0
DA:57,0
DA:61,0
DA:62,0
DA:63,0
DA:66,0
DA:69,1
DA:71,1
DA:73,1
DA:77,1
DA:78,1
DA:79,1
DA:82,1
DA:85,1
DA:86,1
DA:87,1
DA:89,1
DA:93,1
DA:96,1
DA:97,1
DA:98,1
DA:100,1
DA:105,1
DA:108,1
DA:109,0
DA:111,0
DA:116,0
DA:119,1
DA:120,1
DA:122,1
DA:125,1
DA:126,1
DA:129,1
DA:132,1
DA:133,1
DA:135,1
DA:138,1
DA:141,1
DA:144,1
DA:145,1
DA:147,1
DA:150,1
DA:151,1
DA:154,1
DA:157,1
LF:69
LH:60
BRF:0
BRH:0
end_of_record
TN:
SF:/home/rharik/Development/cannibal/papers/integrationTests/success.int.tests.js
FN:10,(anonymous_0)
FN:11,(anonymous_1)
FN:14,(anonymous_2)
FN:17,(anonymous_3)
FN:23,(anonymous_4)
FN:26,(anonymous_5)
FNF:6
FNH:6
FNDA:1,(anonymous_0)
FNDA:1,(anonymous_1)
FNDA:1,(anonymous_2)
FNDA:1,(anonymous_3)
FNDA:1,(anonymous_4)
FNDA:1,(anonymous_5)
DA:1,1
DA:2,1
DA:3,1
DA:5,1
DA:6,1
DA:7,1
DA:10,1
DA:11,1
DA:14,1
DA:15,1
DA:16,1
DA:17,1
DA:18,1
DA:19,1
DA:23,1
DA:24,1
DA:27,1
LF:17
LH:17
BRF:0
BRH:0
end_of_record
TN:
SF:/home/rharik/Development/cannibal/papers/src/authenticationMiddleware.js
FN:12,(anonymous_0)
FN:13,(anonymous_1)
FN:24,iterateStrategies
FN:67,(anonymous_3)
FN:89,(anonymous_4)
FNF:5
FNH:5
FNDA:91,(anonymous_0)
FNDA:89,(anonymous_1)
FNDA:89,iterateStrategies
FNDA:88,(anonymous_3)
FNDA:1,(anonymous_4)
DA:1,1
DA:2,1
DA:3,1
DA:4,1
DA:5,1
DA:6,1
DA:8,1
DA:9,1
DA:12,1
DA:13,91
DA:19,89
DA:20,89
DA:24,89
DA:26,89
DA:27,88
DA:28,1
DA:31,87
DA:34,87
DA:36,116
DA:37,0
DA:40,116
DA:41,116
DA:42,116
DA:43,11
DA:46,105
DA:49,46
DA:50,46
DA:54,4
DA:58,7
DA:62,27
DA:66,49
DA:68,88
DA:71,12
DA:74,14
DA:77,0
DA:80,14
DA:86,48
DA:90,1
DA:91,1
DA:92,1
DA:93,1
DA:94,1
LF:42
LH:40
BRDA:27,0,0,1
BRDA:27,0,1,87
BRDA:36,1,0,0
BRDA:36,1,1,116
BRDA:41,2,0,2
BRDA:41,2,1,114
BRDA:41,3,0,116
BRDA:41,3,1,105
BRDA:42,4,0,11
BRDA:42,4,1,105
BRDA:42,5,0,116
BRDA:42,5,1,105
BRDA:46,6,0,46
BRDA:46,6,1,4
BRDA:46,6,2,7
BRDA:46,6,3,27
BRDA:68,7,0,12
BRDA:68,7,1,14
BRDA:68,7,2,0
BRDA:68,7,3,14
BRDA:68,7,4,48
BRF:21
BRH:19
end_of_record
TN:
SF:/home/rharik/Development/cannibal/papers/src/checkSessionForAuth.js
FN:2,(anonymous_0)
FN:8,(anonymous_1)
FN:16,(anonymous_2)
FNF:3
FNH:3
FNDA:89,(anonymous_0)
FNDA:2,(anonymous_1)
FNDA:1,(anonymous_2)
DA:2,1
DA:4,89
DA:5,12
DA:6,12
DA:7,3
DA:9,2
DA:10,2
DA:11,1
DA:12,1
DA:14,1
DA:15,1
DA:17,1
DA:21,86
LF:13
LH:13
BRDA:4,0,0,12
BRDA:4,0,1,77
BRDA:5,1,0,12
BRDA:5,1,1,1
BRDA:6,2,0,3
BRDA:6,2,1,9
BRDA:10,3,0,1
BRDA:10,3,1,1
BRF:8
BRH:8
end_of_record
TN:
SF:/home/rharik/Development/cannibal/papers/src/handleError.js
FN:3,(anonymous_0)
FNF:1
FNH:1
FNDA:7,(anonymous_0)
DA:1,1
DA:3,1
DA:4,7
DA:5,7
DA:6,4
DA:8,3
LF:6
LH:6
BRDA:5,0,0,4
BRDA:5,0,1,3
BRF:2
BRH:2
end_of_record
TN:
SF:/home/rharik/Development/cannibal/papers/src/handleFailurePostIteration.js
FN:6,(anonymous_0)
FN:11,(anonymous_1)
FN:14,(anonymous_2)
FN:16,(anonymous_3)
FN:18,(anonymous_4)
FNF:5
FNH:5
FNDA:49,(anonymous_0)
FNDA:63,(anonymous_1)
FNDA:63,(anonymous_2)
FNDA:63,(anonymous_3)
FNDA:63,(anonymous_4)
DA:1,1
DA:2,1
DA:3,1
DA:6,1
DA:7,49
DA:8,26
DA:11,63
DA:14,63
DA:16,49
DA:17,63
DA:18,63
DA:21,49
DA:22,4
DA:30,45
DA:31,43
DA:34,45
DA:35,11
DA:36,11
DA:37,11
DA:39,34
DA:40,34
DA:41,15
DA:42,15
DA:45,19
LF:24
LH:24
BRDA:7,0,0,26
BRDA:7,0,1,23
BRDA:11,1,0,63
BRDA:11,1,1,63
BRDA:11,1,2,63
BRDA:18,2,0,6
BRDA:18,2,1,57
BRDA:21,3,0,4
BRDA:21,3,1,45
BRDA:30,4,0,43
BRDA:30,4,1,2
BRDA:30,5,0,45
BRDA:30,5,1,43
BRDA:34,6,0,11
BRDA:34,6,1,34
BRDA:40,7,0,15
BRDA:40,7,1,19
BRF:17
BRH:17
end_of_record
TN:
SF:/home/rharik/Development/cannibal/papers/src/handleSuccess.js
FN:3,(anonymous_0)
FNF:1
FNH:1
FNDA:27,(anonymous_0)
DA:1,1
DA:3,1
DA:4,27
DA:5,4
DA:30,23
DA:38,23
DA:39,23
DA:40,12
DA:42,23
DA:43,9
DA:45,14
LF:11
LH:11
BRDA:4,0,0,4
BRDA:4,0,1,23
BRDA:38,1,0,6
BRDA:38,1,1,17
BRDA:38,2,0,23
BRDA:38,2,1,12
BRDA:39,3,0,12
BRDA:39,3,1,11
BRDA:42,4,0,9
BRDA:42,4,1,14
BRF:10
BRH:10
end_of_record
TN:
SF:/home/rharik/Development/cannibal/papers/src/papers.js
FN:4,(anonymous_0)
FN:6,(anonymous_1)
FN:15,(anonymous_2)
FN:18,(anonymous_3)
FN:23,(anonymous_4)
FN:24,(anonymous_5)
FN:33,(anonymous_6)
FN:34,(anonymous_7)
FN:42,(anonymous_8)
FN:45,iterateStrategies
FN:55,(anonymous_10)
FN:60,(anonymous_11)
FN:61,iterateStrategies
FN:74,(anonymous_13)
FN:79,(anonymous_14)
FN:102,(anonymous_15)
FNF:16
FNH:11
FNDA:96,(anonymous_0)
FNDA:23,(anonymous_1)
FNDA:8,(anonymous_2)
FNDA:0,(anonymous_3)
FNDA:89,(anonymous_4)
FNDA:0,(anonymous_5)
FNDA:89,(anonymous_6)
FNDA:0,(anonymous_7)
FNDA:8,(anonymous_8)
FNDA:8,iterateStrategies
FNDA:0,(anonymous_10)
FNDA:3,(anonymous_11)
FNDA:3,iterateStrategies
FNDA:1,(anonymous_13)
FNDA:0,(anonymous_14)
FNDA:96,(anonymous_15)
DA:1,1
DA:2,1
DA:4,1
DA:6,96
DA:7,23
DA:8,23
DA:9,15
DA:13,8
DA:14,8
DA:16,8
DA:19,0
DA:23,96
DA:24,89
DA:25,0
DA:26,0
DA:27,0
DA:33,96
DA:34,89
DA:35,0
DA:36,0
DA:38,0
DA:42,96
DA:45,8
DA:46,8
DA:47,8
DA:48,8
DA:49,8
DA:50,8
DA:51,8
DA:56,0
DA:60,96
DA:61,3
DA:62,3
DA:63,3
DA:64,0
DA:66,3
DA:67,2
DA:68,1
DA:69,1
DA:70,1
DA:75,1
DA:79,96
DA:80,0
DA:82,0
DA:83,0
DA:87,0
DA:90,0
DA:91,0
DA:92,0
DA:93,0
DA:96,0
DA:101,96
DA:103,96
DA:104,2
DA:106,94
DA:110,3
DA:114,91
DA:138,91
LF:58
LH:40
BRDA:8,0,0,15
BRDA:8,0,1,8
BRDA:8,1,0,23
BRDA:8,1,1,8
BRDA:13,2,0,8
BRDA:13,2,1,0
BRDA:26,3,0,0
BRDA:26,3,1,0
BRDA:26,4,0,0
BRDA:26,4,1,0
BRDA:35,5,0,0
BRDA:35,5,1,0
BRDA:35,6,0,0
BRDA:35,6,1,0
BRDA:35,6,2,0
BRDA:35,6,3,0
BRDA:48,7,0,8
BRDA:48,7,1,0
BRDA:50,8,0,8
BRDA:50,8,1,0
BRDA:63,9,0,0
BRDA:63,9,1,3
BRDA:67,10,0,1
BRDA:67,10,1,1
BRDA:69,11,0,1
BRDA:69,11,1,0
BRDA:83,12,0,0
BRDA:83,12,1,0
BRDA:92,13,0,0
BRDA:92,13,1,0
BRDA:103,14,0,2
BRDA:103,14,1,94
BRDA:103,15,0,96
BRDA:103,15,1,95
BRDA:103,15,2,95
BRDA:106,16,0,3
BRDA:106,16,1,91
BRDA:106,17,0,94
BRDA:106,17,1,17
BRDA:106,17,2,15
BRDA:106,17,3,15
BRDA:106,17,4,14
BRF:42
BRH:23
end_of_record
TN:
SF:/home/rharik/Development/cannibal/papers/src/redirect.js
FN:2,(anonymous_0)
FNF:1
FNH:1
FNDA:28,(anonymous_0)
DA:2,1
DA:3,28
DA:4,28
DA:5,28
LF:4
LH:4
BRDA:3,0,0,28
BRDA:3,0,1,19
BRF:2
BRH:2
end_of_record
TN:
SF:/home/rharik/Development/cannibal/papers/src/standardizeErrors.js
FN:2,(anonymous_0)
FNF:1
FNH:1
FNDA:64,(anonymous_0)
DA:2,1
DA:3,64
DA:5,64
DA:6,5
DA:13,59
DA:14,48
DA:21,11
LF:7
LH:7
BRDA:3,0,0,8
BRDA:3,0,1,56
BRDA:3,1,0,38
BRDA:3,1,1,18
BRDA:5,2,0,5
BRDA:5,2,1,59
BRDA:13,3,0,48
BRDA:13,3,1,11
BRF:8
BRH:8
end_of_record
